This is pdfTeX, Version 3.141592653-2.6-1.40.26 (MiKTeX 24.4) (preloaded format=pdflatex 2025.6.3)  4 JUN 2025 00:33
entering extended mode
 restricted \write18 enabled.
 %&-line parsing enabled.
**./main.tex
(main.tex
LaTeX2e <2024-11-01>
L3 programming layer <2024-11-02>
(C:\Program Files\MiKTeX\tex/latex/base\article.cls
Document Class: article 2024/06/29 v1.4n Standard LaTeX document class
(C:\Program Files\MiKTeX\tex/latex/base\size10.clo
File: size10.clo 2024/06/29 v1.4n Standard LaTeX file (size option)
)
\c@part=\count196
\c@section=\count197
\c@subsection=\count198
\c@subsubsection=\count199
\c@paragraph=\count266
\c@subparagraph=\count267
\c@figure=\count268
\c@table=\count269
\abovecaptionskip=\skip49
\belowcaptionskip=\skip50
\bibindent=\dimen141
)
(C:\Program Files\MiKTeX\tex/generic/babel\babel.sty
Package: babel 2024/11/08 v24.13 The multilingual framework for pdfLaTeX, LuaLa
TeX and XeLaTeX
\babel@savecnt=\count270
\U@D=\dimen142
\l@unhyphenated=\language79

(C:\Program Files\MiKTeX\tex/generic/babel\txtbabel.def)
\bbl@readstream=\read2
\bbl@dirlevel=\count271

*************************************
* Local config file bblopts.cfg used
*
(C:\Program Files\MiKTeX\tex/latex/arabi\bblopts.cfg
File: bblopts.cfg 2005/09/08 v0.1 add Arabic and Farsi to "declared" options of
 babel
)
(C:\Program Files\MiKTeX\tex/latex/babel-english\english.ldf
Language: english 2017/06/06 v3.3r English support from the babel system
Package babel Info: Hyphen rules for 'canadian' set to \l@english
(babel)             (\language0). Reported on input line 102.
Package babel Info: Hyphen rules for 'australian' set to \l@ukenglish
(babel)             (\language73). Reported on input line 105.
Package babel Info: Hyphen rules for 'newzealand' set to \l@ukenglish
(babel)             (\language73). Reported on input line 108.
))
(C:\Program Files\MiKTeX\tex/generic/babel/locale/en\babel-english.tex
Package babel Info: Importing font and identification data for english
(babel)             from babel-en.ini. Reported on input line 11.
)
(C:\Program Files\MiKTeX\tex/latex/base\fontenc.sty
Package: fontenc 2021/04/29 v2.0v Standard LaTeX package
)
(C:\Program Files\MiKTeX\tex/latex/base\inputenc.sty
Package: inputenc 2024/02/08 v1.3d Input encoding file
\inpenc@prehook=\toks17
\inpenc@posthook=\toks18
) (figchild.sty
Package: figchild 2025/06/04 Package for creating activities for children versi
on 3.1.1

(C:\Program Files\MiKTeX\tex/latex/pgf/frontendlayer\tikz.sty
(C:\Program Files\MiKTeX\tex/latex/pgf/basiclayer\pgf.sty
(C:\Program Files\MiKTeX\tex/latex/pgf/utilities\pgfrcs.sty
(C:\Program Files\MiKTeX\tex/generic/pgf/utilities\pgfutil-common.tex
\pgfutil@everybye=\toks19
\pgfutil@tempdima=\dimen143
\pgfutil@tempdimb=\dimen144
)
(C:\Program Files\MiKTeX\tex/generic/pgf/utilities\pgfutil-latex.def
\pgfutil@abb=\box52
)
(C:\Program Files\MiKTeX\tex/generic/pgf/utilities\pgfrcs.code.tex
(C:\Program Files\MiKTeX\tex/generic/pgf\pgf.revision.tex)
Package: pgfrcs 2023-01-15 v3.1.10 (3.1.10)
))
Package: pgf 2023-01-15 v3.1.10 (3.1.10)

(C:\Program Files\MiKTeX\tex/latex/pgf/basiclayer\pgfcore.sty
(C:\Program Files\MiKTeX\tex/latex/graphics\graphicx.sty
Package: graphicx 2021/09/16 v1.2d Enhanced LaTeX Graphics (DPC,SPQR)

(C:\Program Files\MiKTeX\tex/latex/graphics\keyval.sty
Package: keyval 2022/05/29 v1.15 key=value parser (DPC)
\KV@toks@=\toks20
)
(C:\Program Files\MiKTeX\tex/latex/graphics\graphics.sty
Package: graphics 2024/08/06 v1.4g Standard LaTeX Graphics (DPC,SPQR)

(C:\Program Files\MiKTeX\tex/latex/graphics\trig.sty
Package: trig 2023/12/02 v1.11 sin cos tan (DPC)
)
(C:\Program Files\MiKTeX\tex/latex/graphics-cfg\graphics.cfg
File: graphics.cfg 2016/06/04 v1.11 sample graphics configuration
)
Package graphics Info: Driver file: pdftex.def on input line 106.

(C:\Program Files\MiKTeX\tex/latex/graphics-def\pdftex.def
File: pdftex.def 2024/04/13 v1.2c Graphics/color driver for pdftex
))
\Gin@req@height=\dimen145
\Gin@req@width=\dimen146
)
(C:\Program Files\MiKTeX\tex/latex/pgf/systemlayer\pgfsys.sty
(C:\Program Files\MiKTeX\tex/generic/pgf/systemlayer\pgfsys.code.tex
Package: pgfsys 2023-01-15 v3.1.10 (3.1.10)

(C:\Program Files\MiKTeX\tex/generic/pgf/utilities\pgfkeys.code.tex
\pgfkeys@pathtoks=\toks21
\pgfkeys@temptoks=\toks22

(C:\Program Files\MiKTeX\tex/generic/pgf/utilities\pgfkeyslibraryfiltered.code.
tex
\pgfkeys@tmptoks=\toks23
))
\pgf@x=\dimen147
\pgf@y=\dimen148
\pgf@xa=\dimen149
\pgf@ya=\dimen150
\pgf@xb=\dimen151
\pgf@yb=\dimen152
\pgf@xc=\dimen153
\pgf@yc=\dimen154
\pgf@xd=\dimen155
\pgf@yd=\dimen156
\w@pgf@writea=\write3
\r@pgf@reada=\read3
\c@pgf@counta=\count272
\c@pgf@countb=\count273
\c@pgf@countc=\count274
\c@pgf@countd=\count275
\t@pgf@toka=\toks24
\t@pgf@tokb=\toks25
\t@pgf@tokc=\toks26
\pgf@sys@id@count=\count276
 (C:\Program Files\MiKTeX\tex/generic/pgf/systemlayer\pgf.cfg
File: pgf.cfg 2023-01-15 v3.1.10 (3.1.10)
)
Driver file for pgf: pgfsys-pdftex.def

(C:\Program Files\MiKTeX\tex/generic/pgf/systemlayer\pgfsys-pdftex.def
File: pgfsys-pdftex.def 2023-01-15 v3.1.10 (3.1.10)

(C:\Program Files\MiKTeX\tex/generic/pgf/systemlayer\pgfsys-common-pdf.def
File: pgfsys-common-pdf.def 2023-01-15 v3.1.10 (3.1.10)
)))
(C:\Program Files\MiKTeX\tex/generic/pgf/systemlayer\pgfsyssoftpath.code.tex
File: pgfsyssoftpath.code.tex 2023-01-15 v3.1.10 (3.1.10)
\pgfsyssoftpath@smallbuffer@items=\count277
\pgfsyssoftpath@bigbuffer@items=\count278
)
(C:\Program Files\MiKTeX\tex/generic/pgf/systemlayer\pgfsysprotocol.code.tex
File: pgfsysprotocol.code.tex 2023-01-15 v3.1.10 (3.1.10)
))
(C:\Program Files\MiKTeX\tex/latex/xcolor\xcolor.sty
Package: xcolor 2024/09/29 v3.02 LaTeX color extensions (UK)

(C:\Program Files\MiKTeX\tex/latex/graphics-cfg\color.cfg
File: color.cfg 2016/01/02 v1.6 sample color configuration
)
Package xcolor Info: Driver file: pdftex.def on input line 274.

(C:\Program Files\MiKTeX\tex/latex/graphics\mathcolor.ltx)
Package xcolor Info: Model `cmy' substituted by `cmy0' on input line 1349.
Package xcolor Info: Model `hsb' substituted by `rgb' on input line 1353.
Package xcolor Info: Model `RGB' extended on input line 1365.
Package xcolor Info: Model `HTML' substituted by `rgb' on input line 1367.
Package xcolor Info: Model `Hsb' substituted by `hsb' on input line 1368.
Package xcolor Info: Model `tHsb' substituted by `hsb' on input line 1369.
Package xcolor Info: Model `HSB' substituted by `hsb' on input line 1370.
Package xcolor Info: Model `Gray' substituted by `gray' on input line 1371.
Package xcolor Info: Model `wave' substituted by `hsb' on input line 1372.
)
(C:\Program Files\MiKTeX\tex/latex/xcolor\x11nam.def
File: x11nam.def 2024/09/29 v3.02 Predefined colors according to Unix/X11 (UK)
)
(C:\Program Files\MiKTeX\tex/generic/pgf/basiclayer\pgfcore.code.tex
Package: pgfcore 2023-01-15 v3.1.10 (3.1.10)

(C:\Program Files\MiKTeX\tex/generic/pgf/math\pgfmath.code.tex
(C:\Program Files\MiKTeX\tex/generic/pgf/math\pgfmathutil.code.tex)
(C:\Program Files\MiKTeX\tex/generic/pgf/math\pgfmathparser.code.tex
\pgfmath@dimen=\dimen157
\pgfmath@count=\count279
\pgfmath@box=\box53
\pgfmath@toks=\toks27
\pgfmath@stack@operand=\toks28
\pgfmath@stack@operation=\toks29
)
(C:\Program Files\MiKTeX\tex/generic/pgf/math\pgfmathfunctions.code.tex)
(C:\Program Files\MiKTeX\tex/generic/pgf/math\pgfmathfunctions.basic.code.tex)
(C:\Program Files\MiKTeX\tex/generic/pgf/math\pgfmathfunctions.trigonometric.co
de.tex)
(C:\Program Files\MiKTeX\tex/generic/pgf/math\pgfmathfunctions.random.code.tex)

(C:\Program Files\MiKTeX\tex/generic/pgf/math\pgfmathfunctions.comparison.code.
tex)
(C:\Program Files\MiKTeX\tex/generic/pgf/math\pgfmathfunctions.base.code.tex)
(C:\Program Files\MiKTeX\tex/generic/pgf/math\pgfmathfunctions.round.code.tex)
(C:\Program Files\MiKTeX\tex/generic/pgf/math\pgfmathfunctions.misc.code.tex)
(C:\Program Files\MiKTeX\tex/generic/pgf/math\pgfmathfunctions.integerarithmeti
cs.code.tex) (C:\Program Files\MiKTeX\tex/generic/pgf/math\pgfmathcalc.code.tex
) (C:\Program Files\MiKTeX\tex/generic/pgf/math\pgfmathfloat.code.tex
\c@pgfmathroundto@lastzeros=\count280
))
(C:\Program Files\MiKTeX\tex/generic/pgf/math\pgfint.code.tex)
(C:\Program Files\MiKTeX\tex/generic/pgf/basiclayer\pgfcorepoints.code.tex
File: pgfcorepoints.code.tex 2023-01-15 v3.1.10 (3.1.10)
\pgf@picminx=\dimen158
\pgf@picmaxx=\dimen159
\pgf@picminy=\dimen160
\pgf@picmaxy=\dimen161
\pgf@pathminx=\dimen162
\pgf@pathmaxx=\dimen163
\pgf@pathminy=\dimen164
\pgf@pathmaxy=\dimen165
\pgf@xx=\dimen166
\pgf@xy=\dimen167
\pgf@yx=\dimen168
\pgf@yy=\dimen169
\pgf@zx=\dimen170
\pgf@zy=\dimen171
)
(C:\Program Files\MiKTeX\tex/generic/pgf/basiclayer\pgfcorepathconstruct.code.t
ex
File: pgfcorepathconstruct.code.tex 2023-01-15 v3.1.10 (3.1.10)
\pgf@path@lastx=\dimen172
\pgf@path@lasty=\dimen173
)
(C:\Program Files\MiKTeX\tex/generic/pgf/basiclayer\pgfcorepathusage.code.tex
File: pgfcorepathusage.code.tex 2023-01-15 v3.1.10 (3.1.10)
\pgf@shorten@end@additional=\dimen174
\pgf@shorten@start@additional=\dimen175
)
(C:\Program Files\MiKTeX\tex/generic/pgf/basiclayer\pgfcorescopes.code.tex
File: pgfcorescopes.code.tex 2023-01-15 v3.1.10 (3.1.10)
\pgfpic=\box54
\pgf@hbox=\box55
\pgf@layerbox@main=\box56
\pgf@picture@serial@count=\count281
)
(C:\Program Files\MiKTeX\tex/generic/pgf/basiclayer\pgfcoregraphicstate.code.te
x
File: pgfcoregraphicstate.code.tex 2023-01-15 v3.1.10 (3.1.10)
\pgflinewidth=\dimen176
)
(C:\Program Files\MiKTeX\tex/generic/pgf/basiclayer\pgfcoretransformations.code
.tex
File: pgfcoretransformations.code.tex 2023-01-15 v3.1.10 (3.1.10)
\pgf@pt@x=\dimen177
\pgf@pt@y=\dimen178
\pgf@pt@temp=\dimen179
) (C:\Program Files\MiKTeX\tex/generic/pgf/basiclayer\pgfcorequick.code.tex
File: pgfcorequick.code.tex 2023-01-15 v3.1.10 (3.1.10)
) (C:\Program Files\MiKTeX\tex/generic/pgf/basiclayer\pgfcoreobjects.code.tex
File: pgfcoreobjects.code.tex 2023-01-15 v3.1.10 (3.1.10)
)
(C:\Program Files\MiKTeX\tex/generic/pgf/basiclayer\pgfcorepathprocessing.code.
tex
File: pgfcorepathprocessing.code.tex 2023-01-15 v3.1.10 (3.1.10)
) (C:\Program Files\MiKTeX\tex/generic/pgf/basiclayer\pgfcorearrows.code.tex
File: pgfcorearrows.code.tex 2023-01-15 v3.1.10 (3.1.10)
\pgfarrowsep=\dimen180
) (C:\Program Files\MiKTeX\tex/generic/pgf/basiclayer\pgfcoreshade.code.tex
File: pgfcoreshade.code.tex 2023-01-15 v3.1.10 (3.1.10)
\pgf@max=\dimen181
\pgf@sys@shading@range@num=\count282
\pgf@shadingcount=\count283
)
(C:\Program Files\MiKTeX\tex/generic/pgf/basiclayer\pgfcoreimage.code.tex
File: pgfcoreimage.code.tex 2023-01-15 v3.1.10 (3.1.10)
)
(C:\Program Files\MiKTeX\tex/generic/pgf/basiclayer\pgfcoreexternal.code.tex
File: pgfcoreexternal.code.tex 2023-01-15 v3.1.10 (3.1.10)
\pgfexternal@startupbox=\box57
)
(C:\Program Files\MiKTeX\tex/generic/pgf/basiclayer\pgfcorelayers.code.tex
File: pgfcorelayers.code.tex 2023-01-15 v3.1.10 (3.1.10)
)
(C:\Program Files\MiKTeX\tex/generic/pgf/basiclayer\pgfcoretransparency.code.te
x
File: pgfcoretransparency.code.tex 2023-01-15 v3.1.10 (3.1.10)
) (C:\Program Files\MiKTeX\tex/generic/pgf/basiclayer\pgfcorepatterns.code.tex
File: pgfcorepatterns.code.tex 2023-01-15 v3.1.10 (3.1.10)
) (C:\Program Files\MiKTeX\tex/generic/pgf/basiclayer\pgfcorerdf.code.tex
File: pgfcorerdf.code.tex 2023-01-15 v3.1.10 (3.1.10)
)))
(C:\Program Files\MiKTeX\tex/generic/pgf/modules\pgfmoduleshapes.code.tex
File: pgfmoduleshapes.code.tex 2023-01-15 v3.1.10 (3.1.10)
\pgfnodeparttextbox=\box58
)
(C:\Program Files\MiKTeX\tex/generic/pgf/modules\pgfmoduleplot.code.tex
File: pgfmoduleplot.code.tex 2023-01-15 v3.1.10 (3.1.10)
)
(C:\Program Files\MiKTeX\tex/latex/pgf/compatibility\pgfcomp-version-0-65.sty
Package: pgfcomp-version-0-65 2023-01-15 v3.1.10 (3.1.10)
\pgf@nodesepstart=\dimen182
\pgf@nodesepend=\dimen183
)
(C:\Program Files\MiKTeX\tex/latex/pgf/compatibility\pgfcomp-version-1-18.sty
Package: pgfcomp-version-1-18 2023-01-15 v3.1.10 (3.1.10)
)) (C:\Program Files\MiKTeX\tex/latex/pgf/utilities\pgffor.sty
(C:\Program Files\MiKTeX\tex/latex/pgf/utilities\pgfkeys.sty
(C:\Program Files\MiKTeX\tex/generic/pgf/utilities\pgfkeys.code.tex))
(C:\Program Files\MiKTeX\tex/latex/pgf/math\pgfmath.sty
(C:\Program Files\MiKTeX\tex/generic/pgf/math\pgfmath.code.tex))
(C:\Program Files\MiKTeX\tex/generic/pgf/utilities\pgffor.code.tex
Package: pgffor 2023-01-15 v3.1.10 (3.1.10)
\pgffor@iter=\dimen184
\pgffor@skip=\dimen185
\pgffor@stack=\toks30
\pgffor@toks=\toks31
))
(C:\Program Files\MiKTeX\tex/generic/pgf/frontendlayer/tikz\tikz.code.tex
Package: tikz 2023-01-15 v3.1.10 (3.1.10)

(C:\Program Files\MiKTeX\tex/generic/pgf/libraries\pgflibraryplothandlers.code.
tex
File: pgflibraryplothandlers.code.tex 2023-01-15 v3.1.10 (3.1.10)
\pgf@plot@mark@count=\count284
\pgfplotmarksize=\dimen186
)
\tikz@lastx=\dimen187
\tikz@lasty=\dimen188
\tikz@lastxsaved=\dimen189
\tikz@lastysaved=\dimen190
\tikz@lastmovetox=\dimen191
\tikz@lastmovetoy=\dimen192
\tikzleveldistance=\dimen193
\tikzsiblingdistance=\dimen194
\tikz@figbox=\box59
\tikz@figbox@bg=\box60
\tikz@tempbox=\box61
\tikz@tempbox@bg=\box62
\tikztreelevel=\count285
\tikznumberofchildren=\count286
\tikznumberofcurrentchild=\count287
\tikz@fig@count=\count288
 (C:\Program Files\MiKTeX\tex/generic/pgf/modules\pgfmodulematrix.code.tex
File: pgfmodulematrix.code.tex 2023-01-15 v3.1.10 (3.1.10)
\pgfmatrixcurrentrow=\count289
\pgfmatrixcurrentcolumn=\count290
\pgf@matrix@numberofcolumns=\count291
)
\tikz@expandcount=\count292

(C:\Program Files\MiKTeX\tex/generic/pgf/frontendlayer/tikz/libraries\tikzlibra
rytopaths.code.tex
File: tikzlibrarytopaths.code.tex 2023-01-15 v3.1.10 (3.1.10)
)))) (C:\Program Files\MiKTeX\tex/latex/tools\verbatim.sty
Package: verbatim 2024-01-22 v1.5x LaTeX2e package for verbatim enhancements
\every@verbatim=\toks32
\verbatim@line=\toks33
\verbatim@in@stream=\read4
)
(C:\Program Files\MiKTeX\tex/latex/preprint\authblk.sty
Package: authblk 2001/02/27 1.3 (PWD)
\affilsep=\skip51
\@affilsep=\skip52
\c@Maxaffil=\count293
\c@authors=\count294
\c@affil=\count295
)
(C:\Program Files\MiKTeX\tex/latex/float\float.sty
Package: float 2001/11/08 v1.3d Float enhancements (AL)
\c@float@type=\count296
\float@exts=\toks34
\float@box=\box63
\@float@everytoks=\toks35
\@floatcapt=\box64
)
(C:\Program Files\MiKTeX\tex/latex/url\url.sty
\Urlmuskip=\muskip17
Package: url 2013/09/16  ver 3.4  Verb mode for urls, etc.
)
(C:\Program Files\MiKTeX\tex/latex/multirow\multirow.sty
Package: multirow 2021/03/15 v2.8 Span multiple rows of a table
\multirow@colwidth=\skip53
\multirow@cntb=\count297
\multirow@dima=\skip54
\bigstrutjot=\dimen195
)
(C:\Program Files\MiKTeX\tex/latex/tools\multicol.sty
Package: multicol 2024/09/14 v1.9i multicolumn formatting (FMi)
\c@tracingmulticols=\count298
\mult@box=\box65
\multicol@leftmargin=\dimen196
\c@unbalance=\count299
\c@collectmore=\count300
\doublecol@number=\count301
\multicoltolerance=\count302
\multicolpretolerance=\count303
\full@width=\dimen197
\page@free=\dimen198
\premulticols=\dimen199
\postmulticols=\dimen256
\multicolsep=\skip55
\multicolbaselineskip=\skip56
\partial@page=\box66
\last@line=\box67
\mc@boxedresult=\box68
\maxbalancingoverflow=\dimen257
\mult@rightbox=\box69
\mult@grightbox=\box70
\mult@firstbox=\box71
\mult@gfirstbox=\box72
\@tempa=\box73
\@tempa=\box74
\@tempa=\box75
\@tempa=\box76
\@tempa=\box77
\@tempa=\box78
\@tempa=\box79
\@tempa=\box80
\@tempa=\box81
\@tempa=\box82
\@tempa=\box83
\@tempa=\box84
\@tempa=\box85
\@tempa=\box86
\@tempa=\box87
\@tempa=\box88
\@tempa=\box89
\@tempa=\box90
\@tempa=\box91
\@tempa=\box92
\@tempa=\box93
\@tempa=\box94
\@tempa=\box95
\@tempa=\box96
\@tempa=\box97
\@tempa=\box98
\@tempa=\box99
\@tempa=\box100
\@tempa=\box101
\@tempa=\box102
\@tempa=\box103
\@tempa=\box104
\@tempa=\box105
\@tempa=\box106
\@tempa=\box107
\@tempa=\box108
\c@minrows=\count304
\c@columnbadness=\count305
\c@finalcolumnbadness=\count306
\last@try=\dimen258
\multicolovershoot=\dimen259
\multicolundershoot=\dimen260
\mult@nat@firstbox=\box109
\colbreak@box=\box110
\mc@col@check@num=\count307
)
(C:\Program Files\MiKTeX\tex/latex/hyperref\hyperref.sty
Package: hyperref 2024-11-05 v7.01l Hypertext links for LaTeX

(C:\Program Files\MiKTeX\tex/generic/iftex\iftex.sty
Package: iftex 2022/02/03 v1.0f TeX engine tests
)
(C:\Program Files\MiKTeX\tex/latex/kvsetkeys\kvsetkeys.sty
Package: kvsetkeys 2022-10-05 v1.19 Key value parser (HO)
)
(C:\Program Files\MiKTeX\tex/generic/kvdefinekeys\kvdefinekeys.sty
Package: kvdefinekeys 2019-12-19 v1.6 Define keys (HO)
)
(C:\Program Files\MiKTeX\tex/generic/pdfescape\pdfescape.sty
Package: pdfescape 2019/12/09 v1.15 Implements pdfTeX's escape features (HO)

(C:\Program Files\MiKTeX\tex/generic/ltxcmds\ltxcmds.sty
Package: ltxcmds 2023-12-04 v1.26 LaTeX kernel commands for general use (HO)
)
(C:\Program Files\MiKTeX\tex/generic/pdftexcmds\pdftexcmds.sty
Package: pdftexcmds 2020-06-27 v0.33 Utility functions of pdfTeX for LuaTeX (HO
)

(C:\Program Files\MiKTeX\tex/generic/infwarerr\infwarerr.sty
Package: infwarerr 2019/12/03 v1.5 Providing info/warning/error messages (HO)
)
Package pdftexcmds Info: \pdf@primitive is available.
Package pdftexcmds Info: \pdf@ifprimitive is available.
Package pdftexcmds Info: \pdfdraftmode found.
))
(C:\Program Files\MiKTeX\tex/latex/hycolor\hycolor.sty
Package: hycolor 2020-01-27 v1.10 Color options for hyperref/bookmark (HO)
)
(C:\Program Files\MiKTeX\tex/latex/hyperref\nameref.sty
Package: nameref 2023-11-26 v2.56 Cross-referencing by name of section

(C:\Program Files\MiKTeX\tex/latex/refcount\refcount.sty
Package: refcount 2019/12/15 v3.6 Data extraction from label references (HO)
)
(C:\Program Files\MiKTeX\tex/generic/gettitlestring\gettitlestring.sty
Package: gettitlestring 2019/12/15 v1.6 Cleanup title references (HO)

(C:\Program Files\MiKTeX\tex/latex/kvoptions\kvoptions.sty
Package: kvoptions 2022-06-15 v3.15 Key value format for package options (HO)
))
\c@section@level=\count308
)
(C:\Program Files\MiKTeX\tex/latex/etoolbox\etoolbox.sty
Package: etoolbox 2020/10/05 v2.5k e-TeX tools for LaTeX (JAW)
\etb@tempcnta=\count309
)
(C:\Program Files\MiKTeX\tex/generic/stringenc\stringenc.sty
Package: stringenc 2019/11/29 v1.12 Convert strings between diff. encodings (HO
)
)
\@linkdim=\dimen261
\Hy@linkcounter=\count310
\Hy@pagecounter=\count311

(C:\Program Files\MiKTeX\tex/latex/hyperref\pd1enc.def
File: pd1enc.def 2024-11-05 v7.01l Hyperref: PDFDocEncoding definition (HO)
Now handling font encoding PD1 ...
... no UTF-8 mapping file for font encoding PD1
)
(C:\Program Files\MiKTeX\tex/generic/intcalc\intcalc.sty
Package: intcalc 2019/12/15 v1.3 Expandable calculations with integers (HO)
)
\Hy@SavedSpaceFactor=\count312

(C:\Program Files\MiKTeX\tex/latex/hyperref\puenc.def
File: puenc.def 2024-11-05 v7.01l Hyperref: PDF Unicode definition (HO)
Now handling font encoding PU ...
... no UTF-8 mapping file for font encoding PU
)
Package hyperref Info: Hyper figures OFF on input line 4157.
Package hyperref Info: Link nesting OFF on input line 4162.
Package hyperref Info: Hyper index ON on input line 4165.
Package hyperref Info: Plain pages OFF on input line 4172.
Package hyperref Info: Backreferencing OFF on input line 4177.
Package hyperref Info: Implicit mode ON; LaTeX internals redefined.
Package hyperref Info: Bookmarks ON on input line 4424.
\c@Hy@tempcnt=\count313
LaTeX Info: Redefining \url on input line 4763.
\XeTeXLinkMargin=\dimen262

(C:\Program Files\MiKTeX\tex/generic/bitset\bitset.sty
Package: bitset 2019/12/09 v1.3 Handle bit-vector datatype (HO)

(C:\Program Files\MiKTeX\tex/generic/bigintcalc\bigintcalc.sty
Package: bigintcalc 2019/12/15 v1.5 Expandable calculations on big integers (HO
)
))
\Fld@menulength=\count314
\Field@Width=\dimen263
\Fld@charsize=\dimen264
Package hyperref Info: Hyper figures OFF on input line 6042.
Package hyperref Info: Link nesting OFF on input line 6047.
Package hyperref Info: Hyper index ON on input line 6050.
Package hyperref Info: backreferencing OFF on input line 6057.
Package hyperref Info: Link coloring OFF on input line 6062.
Package hyperref Info: Link coloring with OCG OFF on input line 6067.
Package hyperref Info: PDF/A mode OFF on input line 6072.

(C:\Program Files\MiKTeX\tex/latex/base\atbegshi-ltx.sty
Package: atbegshi-ltx 2021/01/10 v1.0c Emulation of the original atbegshi
package with kernel methods
)
\Hy@abspage=\count315
\c@Item=\count316
\c@Hfootnote=\count317
)
Package hyperref Info: Driver (autodetected): hpdftex.

(C:\Program Files\MiKTeX\tex/latex/hyperref\hpdftex.def
File: hpdftex.def 2024-11-05 v7.01l Hyperref driver for pdfTeX

(C:\Program Files\MiKTeX\tex/latex/base\atveryend-ltx.sty
Package: atveryend-ltx 2020/08/19 v1.0a Emulation of the original atveryend pac
kage
with kernel methods
)
\Fld@listcount=\count318
\c@bookmark@seq@number=\count319

(C:\Program Files\MiKTeX\tex/latex/rerunfilecheck\rerunfilecheck.sty
Package: rerunfilecheck 2022-07-10 v1.10 Rerun checks for auxiliary files (HO)

(C:\Program Files\MiKTeX\tex/generic/uniquecounter\uniquecounter.sty
Package: uniquecounter 2019/12/15 v1.4 Provide unlimited unique counter (HO)
)
Package uniquecounter Info: New unique counter `rerunfilecheck' on input line 2
85.
)
\Hy@SectionHShift=\skip57
)
(C:\Program Files\MiKTeX\tex/latex/amsmath\amsmath.sty
Package: amsmath 2024/11/05 v2.17t AMS math features
\@mathmargin=\skip58

For additional information on amsmath, use the `?' option.
(C:\Program Files\MiKTeX\tex/latex/amsmath\amstext.sty
Package: amstext 2021/08/26 v2.01 AMS text

(C:\Program Files\MiKTeX\tex/latex/amsmath\amsgen.sty
File: amsgen.sty 1999/11/30 v2.0 generic functions
\@emptytoks=\toks36
\ex@=\dimen265
))
(C:\Program Files\MiKTeX\tex/latex/amsmath\amsbsy.sty
Package: amsbsy 1999/11/29 v1.2d Bold Symbols
\pmbraise@=\dimen266
)
(C:\Program Files\MiKTeX\tex/latex/amsmath\amsopn.sty
Package: amsopn 2022/04/08 v2.04 operator names
)
\inf@bad=\count320
LaTeX Info: Redefining \frac on input line 233.
\uproot@=\count321
\leftroot@=\count322
LaTeX Info: Redefining \overline on input line 398.
LaTeX Info: Redefining \colon on input line 409.
\classnum@=\count323
\DOTSCASE@=\count324
LaTeX Info: Redefining \ldots on input line 495.
LaTeX Info: Redefining \dots on input line 498.
LaTeX Info: Redefining \cdots on input line 619.
\Mathstrutbox@=\box111
\strutbox@=\box112
LaTeX Info: Redefining \big on input line 721.
LaTeX Info: Redefining \Big on input line 722.
LaTeX Info: Redefining \bigg on input line 723.
LaTeX Info: Redefining \Bigg on input line 724.
\big@size=\dimen267
LaTeX Font Info:    Redeclaring font encoding OML on input line 742.
LaTeX Font Info:    Redeclaring font encoding OMS on input line 743.
\macc@depth=\count325
LaTeX Info: Redefining \bmod on input line 904.
LaTeX Info: Redefining \pmod on input line 909.
LaTeX Info: Redefining \smash on input line 939.
LaTeX Info: Redefining \relbar on input line 969.
LaTeX Info: Redefining \Relbar on input line 970.
\c@MaxMatrixCols=\count326
\dotsspace@=\muskip18
\c@parentequation=\count327
\dspbrk@lvl=\count328
\tag@help=\toks37
\row@=\count329
\column@=\count330
\maxfields@=\count331
\andhelp@=\toks38
\eqnshift@=\dimen268
\alignsep@=\dimen269
\tagshift@=\dimen270
\tagwidth@=\dimen271
\totwidth@=\dimen272
\lineht@=\dimen273
\@envbody=\toks39
\multlinegap=\skip59
\multlinetaggap=\skip60
\mathdisplay@stack=\toks40
LaTeX Info: Redefining \[ on input line 2953.
LaTeX Info: Redefining \] on input line 2954.
)
(C:\Program Files\MiKTeX\tex/latex/tools\array.sty
Package: array 2024/10/17 v2.6g Tabular extension package (FMi)
\col@sep=\dimen274
\ar@mcellbox=\box113
\extrarowheight=\dimen275
\NC@list=\toks41
\extratabsurround=\skip61
\backup@length=\skip62
\ar@cellbox=\box114
)
(C:\Program Files\MiKTeX\tex/latex/booktabs\booktabs.sty
Package: booktabs 2020/01/12 v1.61803398 Publication quality tables
\heavyrulewidth=\dimen276
\lightrulewidth=\dimen277
\cmidrulewidth=\dimen278
\belowrulesep=\dimen279
\belowbottomsep=\dimen280
\aboverulesep=\dimen281
\abovetopsep=\dimen282
\cmidrulesep=\dimen283
\cmidrulekern=\dimen284
\defaultaddspace=\dimen285
\@cmidla=\count332
\@cmidlb=\count333
\@aboverulesep=\dimen286
\@belowrulesep=\dimen287
\@thisruleclass=\count334
\@lastruleclass=\count335
\@thisrulewidth=\dimen288
)
(C:\Program Files\MiKTeX\tex/latex/geometry\geometry.sty
Package: geometry 2020/01/02 v5.9 Page Geometry

(C:\Program Files\MiKTeX\tex/generic/iftex\ifvtex.sty
Package: ifvtex 2019/10/25 v1.7 ifvtex legacy package. Use iftex instead.
)
\Gm@cnth=\count336
\Gm@cntv=\count337
\c@Gm@tempcnt=\count338
\Gm@bindingoffset=\dimen289
\Gm@wd@mp=\dimen290
\Gm@odd@mp=\dimen291
\Gm@even@mp=\dimen292
\Gm@layoutwidth=\dimen293
\Gm@layoutheight=\dimen294
\Gm@layouthoffset=\dimen295
\Gm@layoutvoffset=\dimen296
\Gm@dimlist=\toks42

(C:\Program Files\MiKTeX\tex/latex/geometry\geometry.cfg))
(C:\Program Files\MiKTeX\tex/latex/caption\caption.sty
Package: caption 2023/08/05 v3.6o Customizing captions (AR)

(C:\Program Files\MiKTeX\tex/latex/caption\caption3.sty
Package: caption3 2023/07/31 v2.4d caption3 kernel (AR)
\caption@tempdima=\dimen297
\captionmargin=\dimen298
\caption@leftmargin=\dimen299
\caption@rightmargin=\dimen300
\caption@width=\dimen301
\caption@indent=\dimen302
\caption@parindent=\dimen303
\caption@hangindent=\dimen304
Package caption Info: Standard document class detected.
)
\c@caption@flags=\count339
\c@continuedfloat=\count340
Package caption Info: float package is loaded.
Package caption Info: hyperref package is loaded.
)
(C:\Program Files\MiKTeX\tex/latex/aurical\aurical.sty
Package: aurical 2006/10/12 aurical - a set of three decorative fonts with acce
nts
)
(C:\Program Files\MiKTeX\tex/latex/l3backend\l3backend-pdftex.def
File: l3backend-pdftex.def 2024-05-08 L3 backend support: PDF output (pdfTeX)
\l__color_backend_stack_int=\count341
\l__pdf_internal_box=\box115
) (main.aux)
\openout1 = `main.aux'.

LaTeX Font Info:    Checking defaults for OML/cmm/m/it on input line 28.
LaTeX Font Info:    ... okay on input line 28.
LaTeX Font Info:    Checking defaults for OMS/cmsy/m/n on input line 28.
LaTeX Font Info:    ... okay on input line 28.
LaTeX Font Info:    Checking defaults for OT1/cmr/m/n on input line 28.
LaTeX Font Info:    ... okay on input line 28.
LaTeX Font Info:    Checking defaults for T1/cmr/m/n on input line 28.
LaTeX Font Info:    ... okay on input line 28.
LaTeX Font Info:    Checking defaults for TS1/cmr/m/n on input line 28.
LaTeX Font Info:    ... okay on input line 28.
LaTeX Font Info:    Checking defaults for OMX/cmex/m/n on input line 28.
LaTeX Font Info:    ... okay on input line 28.
LaTeX Font Info:    Checking defaults for U/cmr/m/n on input line 28.
LaTeX Font Info:    ... okay on input line 28.
LaTeX Font Info:    Checking defaults for PD1/pdf/m/n on input line 28.
LaTeX Font Info:    ... okay on input line 28.
LaTeX Font Info:    Checking defaults for PU/pdf/m/n on input line 28.
LaTeX Font Info:    ... okay on input line 28.

(C:\Program Files\MiKTeX\tex/context/base/mkii\supp-pdf.mkii
[Loading MPS to PDF converter (version 2006.09.02).]
\scratchcounter=\count342
\scratchdimen=\dimen305
\scratchbox=\box116
\nofMPsegments=\count343
\nofMParguments=\count344
\everyMPshowfont=\toks43
\MPscratchCnt=\count345
\MPscratchDim=\dimen306
\MPnumerator=\count346
\makeMPintoPDFobject=\count347
\everyMPtoPDFconversion=\toks44
) (C:\Program Files\MiKTeX\tex/latex/epstopdf-pkg\epstopdf-base.sty
Package: epstopdf-base 2020-01-24 v2.11 Base part for package epstopdf
Package epstopdf-base Info: Redefining graphics rule for `.eps' on input line 4
85.

(C:\Program Files\MiKTeX\tex/latex/00miktex\epstopdf-sys.cfg
File: epstopdf-sys.cfg 2021/03/18 v2.0 Configuration of epstopdf for MiKTeX
))
Package hyperref Info: Link coloring OFF on input line 28.
 (main.out)
(main.out)
\@outlinefile=\write4
\openout4 = `main.out'.


*geometry* driver: auto-detecting
*geometry* detected driver: pdftex
*geometry* verbose mode - [ preamble ] result:
* driver: pdftex
* paper: <default>
* layout: <same size as paper>
* layoutoffset:(h,v)=(0.0pt,0.0pt)
* modes: 
* h-part:(L,W,R)=(56.9055pt, 500.484pt, 56.9055pt)
* v-part:(T,H,B)=(56.9055pt, 681.15898pt, 56.9055pt)
* \paperwidth=614.295pt
* \paperheight=794.96999pt
* \textwidth=500.484pt
* \textheight=681.15898pt
* \oddsidemargin=-15.36449pt
* \evensidemargin=-15.36449pt
* \topmargin=-52.36449pt
* \headheight=12.0pt
* \headsep=25.0pt
* \topskip=10.0pt
* \footskip=30.0pt
* \marginparwidth=65.0pt
* \marginparsep=11.0pt
* \columnsep=10.0pt
* \skip\footins=9.0pt plus 4.0pt minus 2.0pt
* \hoffset=0.0pt
* \voffset=0.0pt
* \mag=1000
* \@twocolumnfalse
* \@twosidefalse
* \@mparswitchfalse
* \@reversemarginfalse
* (1in=72.27pt=25.4mm, 1cm=28.453pt)

Package caption Info: Begin \AtBeginDocument code.
Package caption Info: End \AtBeginDocument code.
(capa.tex
Missing character: There is no ] in font nullfont!

LaTeX Font Warning: Font shape `T1/cmr/m/n' in size <65.44133> not available
(Font)              size <35.83> substituted on input line 23.

LaTeX Font Info:    Trying to load font information for T1+AuriocusKalligraphic
us on input line 24.
(C:\Program Files\MiKTeX\tex/latex/aurical\t1auriocuskalligraphicus.fd
File: T1AuriocusKalligraphicus.fd 2006/01/01 font def. for AuriocusKalligraphic
us, a calligraphic font along the handwriting of auriocus
)

LaTeX Font Warning: Font shape `T1/AuriocusKalligraphicus/m/n' will be
(Font)              scaled to size 78.52939pt on input line 24.

Missing character: There is no - in font nullfont!
Missing character: There is no - in font nullfont!
Missing character: There is no ( in font nullfont!
Missing character: There is no 3 in font nullfont!
Missing character: There is no . in font nullfont!
Missing character: There is no 3 in font nullfont!
Missing character: There is no 1 in font nullfont!
Missing character: There is no , in font nullfont!
Missing character: There is no 0 in font nullfont!
Missing character: There is no . in font nullfont!
Missing character: There is no 7 in font nullfont!
Missing character: There is no 6 in font nullfont!
Missing character: There is no ) in font nullfont!
Missing character: There is no ; in font nullfont!
Missing character: There is no ] in font nullfont!
Missing character: There is no [ in font nullfont!
Missing character: There is no s in font nullfont!
Missing character: There is no c in font nullfont!
Missing character: There is no a in font nullfont!
Missing character: There is no l in font nullfont!
Missing character: There is no e in font nullfont!
Missing character: There is no = in font nullfont!
Missing character: There is no 0 in font nullfont!
Missing character: There is no . in font nullfont!
Missing character: There is no 0 in font nullfont!
Missing character: There is no 1 in font nullfont!
Missing character: There is no ] in font nullfont!
Missing character: There is no ] in font nullfont!
Missing character: There is no ] in font nullfont!
Missing character: There is no ] in font nullfont!
Missing character: There is no ] in font nullfont!


[1

{C:/Users/Fernando/AppData/Local/MiKTeX/fonts/map/pdftex/pdftex.map}{C:/Program
 Files/MiKTeX/fonts/enc/dvips/cm-super/cm-super-t1.enc}])


pdfTeX warning (ext4): destination with the same identifier (name{page.1}) has 
been already used, duplicate ignored
<to be read again> 
                   \relax 
l.88 	\newpage
               [1] (main.toc)
\tf@toc=\write5
\openout5 = `main.toc'.

 (main.lot)
\tf@lot=\write6
\openout6 = `main.lot'.



[2]

[3{C:/Program Files/MiKTeX/fonts/enc/dvips/cm-super/cm-super-ts1.enc}]

[4]
*geometry* verbose mode - [ newgeometry ] result:
* driver: pdftex
* paper: <default>
* layout: <same size as paper>
* layoutoffset:(h,v)=(0.0pt,0.0pt)
* modes: 
* h-part:(L,W,R)=(14.22636pt, 585.84227pt, 14.22636pt)
* v-part:(T,H,B)=(42.67912pt, 738.0645pt, 14.22636pt)
* \paperwidth=614.295pt
* \paperheight=794.96999pt
* \textwidth=585.84227pt
* \textheight=738.0645pt
* \oddsidemargin=-58.04362pt
* \evensidemargin=-58.04362pt
* \topmargin=-66.59087pt
* \headheight=12.0pt
* \headsep=25.0pt
* \topskip=10.0pt
* \footskip=30.0pt
* \marginparwidth=65.0pt
* \marginparsep=11.0pt
* \columnsep=10.0pt
* \skip\footins=9.0pt plus 4.0pt minus 2.0pt
* \hoffset=0.0pt
* \voffset=0.0pt
* \mag=1000
* \@twocolumnfalse
* \@twosidefalse
* \@mparswitchfalse
* \@reversemarginfalse
* (1in=72.27pt=25.4mm, 1cm=28.453pt)


Overfull \vbox (16.93376pt too high) detected at line 175
 []


Overfull \vbox (20.5754pt too high) detected at line 175
 []


Overfull \vbox (11.9265pt too high) detected at line 175
 []


Overfull \vbox (10.56078pt too high) detected at line 176
 []


Overfull \vbox (4.64308pt too high) detected at line 176
 []


Overfull \vbox (6.4639pt too high) detected at line 176
 []


Overfull \vbox (13.7473pt too high) detected at line 177
 []

Missing character: There is no ] in font nullfont!

Overfull \vbox (2.91742pt too high) detected at line 177
 []


Overfull \vbox (16.46529pt too high) detected at line 177
 []


Overfull \vbox (16.46529pt too high) detected at line 178
 []


Overfull \vbox (6.4639pt too high) detected at line 179
 []


Overfull \vbox (7.37431pt too high) detected at line 179
 []


Overfull \vbox (4.19193pt too high) detected at line 179
 []


Overfull \vbox (16.02336pt too high) detected at line 180
 []


Overfull \vbox (5.78111pt too high) detected at line 181
 []


Overfull \vbox (2.37143pt too high) detected at line 181
 []


Overfull \vbox (4.64308pt too high) detected at line 183
 []


Overfull \vbox (19.0277pt too high) detected at line 183
 []


Overfull \vbox (11.92642pt too high) detected at line 183
 []


Overfull \vbox (5.91766pt too high) detected at line 184
 []

Missing character: There is no ] in font nullfont!
Missing character: There is no ] in font nullfont!

Overfull \vbox (20.0757pt too high) detected at line 185
 []


Overfull \vbox (12.38173pt too high) detected at line 186
 []


Overfull \vbox (7.02663pt too high) detected at line 186
 []


Overfull \vbox (4.4089pt too high) detected at line 186
 []


Overfull \vbox (8.54205pt too high) detected at line 187
 []


Overfull \vbox (12.38173pt too high) detected at line 187
 []


Overfull \vbox (7.02663pt too high) detected at line 187
 []


Overfull \vbox (4.4089pt too high) detected at line 188
 []

Missing character: There is no ; in font nullfont!

Overfull \vbox (14.20255pt too high) detected at line 188
 []


Overfull \vbox (7.82954pt too high) detected at line 189
 []


Overfull \vbox (16.93376pt too high) detected at line 189
 []

Missing character: There is no ] in font nullfont!

Overfull \vbox (34.60246pt too high) detected at line 189
 []


Overfull \vbox (5.64903pt too high) detected at line 190
 []


Overfull \vbox (15.30016pt too high) detected at line 190
 []


Overfull \vbox (18.03125pt too high) detected at line 190
 []


Overfull \hbox (42.98552pt too wide) in paragraph at lines 183--190
 [][] 
 []



[5

]
Overfull \vbox (8.0351pt too high) has occurred while \output is active []



[6]
Overfull \vbox (11.47119pt too high) detected at line 191
 []


Overfull \vbox (1.09633pt too high) detected at line 192
 []


Overfull \vbox (1.82487pt too high) detected at line 192
 []

Missing character: There is no ] in font nullfont!

Overfull \vbox (22.40166pt too high) detected at line 193
 []


Overfull \vbox (6.46397pt too high) detected at line 193
 []

Missing character: There is no ] in font nullfont!

Overfull \vbox (1.09633pt too high) detected at line 194
 []


Overfull \vbox (8.38039pt too high) detected at line 194
 []


Overfull \vbox (7.8341pt too high) detected at line 195
 []

Missing character: There is no - in font nullfont!
Missing character: There is no - in font nullfont!
Missing character: There is no ( in font nullfont!
Missing character: There is no 3 in font nullfont!
Missing character: There is no . in font nullfont!
Missing character: There is no 3 in font nullfont!
Missing character: There is no 1 in font nullfont!
Missing character: There is no , in font nullfont!
Missing character: There is no 0 in font nullfont!
Missing character: There is no . in font nullfont!
Missing character: There is no 7 in font nullfont!
Missing character: There is no 6 in font nullfont!
Missing character: There is no ) in font nullfont!
Missing character: There is no ; in font nullfont!
Missing character: There is no ] in font nullfont!

Overfull \vbox (7.82954pt too high) detected at line 197
 []


Overfull \vbox (30.23201pt too high) detected at line 197
 []


Overfull \vbox (8.23921pt too high) detected at line 197
 []


Overfull \vbox (7.31178pt too high) detected at line 198
 []


Overfull \vbox (20.57547pt too high) detected at line 198
 []


Overfull \vbox (9.65044pt too high) detected at line 199
 []


Overfull \vbox (17.9808pt too high) detected at line 199
 []


Overfull \vbox (14.97632pt too high) detected at line 199
 []


Overfull \vbox (11.47119pt too high) detected at line 200
 []


Overfull \vbox (16.02336pt too high) detected at line 200
 []


Overfull \vbox (6.92358pt too high) detected at line 201
 []

Missing character: There is no ] in font nullfont!

Overfull \vbox (12.38655pt too high) detected at line 202
 []


Overfull \vbox (16.4786pt too high) detected at line 202
 []


Overfull \vbox (11.47125pt too high) detected at line 203
 []


Overfull \vbox (10.56078pt too high) detected at line 203
 []


Overfull \vbox (10.56078pt too high) detected at line 204
 []


Overfull \vbox (9.96906pt too high) detected at line 204
 []


Overfull \vbox (11.6533pt too high) detected at line 204
 []


Overfull \vbox (9.96906pt too high) detected at line 205
 []


Overfull \vbox (16.43303pt too high) detected at line 205
 []

Missing character: There is no ] in font nullfont!

Overfull \vbox (36.78781pt too high) detected at line 205
 []

Missing character: There is no [ in font nullfont!
Missing character: There is no s in font nullfont!
Missing character: There is no c in font nullfont!
Missing character: There is no a in font nullfont!
Missing character: There is no l in font nullfont!
Missing character: There is no e in font nullfont!
Missing character: There is no = in font nullfont!
Missing character: There is no 0 in font nullfont!
Missing character: There is no . in font nullfont!
Missing character: There is no 0 in font nullfont!
Missing character: There is no 1 in font nullfont!
Missing character: There is no ] in font nullfont!

Overfull \vbox (32.87245pt too high) detected at line 206
 []


Overfull \hbox (2.3489pt too wide) in paragraph at lines 199--206
 [][] 
 []



[7]
Overfull \vbox (15.11288pt too high) detected at line 207
 []


Overfull \vbox (12.38167pt too high) detected at line 207
 []


Overfull \vbox (8.58783pt too high) detected at line 207
 []

Missing character: There is no ] in font nullfont!

Overfull \vbox (10.1056pt too high) detected at line 210
 []


Overfull \vbox (10.1056pt too high) detected at line 210
 []


Overfull \vbox (6.4639pt too high) detected at line 210
 []


Overfull \vbox (5.09824pt too high) detected at line 211
 []


Overfull \vbox (15.11792pt too high) detected at line 212
 []


Overfull \vbox (15.06738pt too high) detected at line 212
 []


Overfull \vbox (3.27744pt too high) detected at line 212
 []


Overfull \vbox (3.27744pt too high) detected at line 213
 []


Overfull \vbox (8.0164pt too high) detected at line 214
 []


Overfull \vbox (7.82954pt too high) detected at line 214
 []


Overfull \hbox (22.3856pt too wide) in paragraph at lines 207--214
 [][] 
 []



[8]
Overfull \vbox (6.4639pt too high) detected at line 215
 []


Overfull \vbox (13.7473pt too high) detected at line 215
 []

Missing character: There is no ] in font nullfont!

Overfull \vbox (24.67235pt too high) detected at line 216
 []


Overfull \vbox (6.00873pt too high) detected at line 216
 []


Overfull \vbox (14.65771pt too high) detected at line 217
 []


Overfull \vbox (2.36703pt too high) detected at line 217
 []


Overfull \vbox (1.45656pt too high) detected at line 219
 []


Overfull \vbox (1.45662pt too high) detected at line 219
 []


Overfull \vbox (15.56812pt too high) detected at line 219
 []


Overfull \vbox (14.20248pt too high) detected at line 220
 []


Overfull \vbox (14.20248pt too high) detected at line 221
 []


Overfull \vbox (2.68607pt too high) detected at line 221
 []


Overfull \vbox (17.84654pt too high) detected at line 221
 []


Overfull \vbox (21.94106pt too high) detected at line 222
 []



[9]
Overfull \vbox (13.4287pt too high) detected at line 223
 []


Overfull \vbox (11.016pt too high) detected at line 223
 []


Overfull \vbox (12.83682pt too high) detected at line 224
 []


Overfull \vbox (20.5754pt too high) detected at line 224
 []


Overfull \vbox (11.47119pt too high) detected at line 225
 []


Overfull \vbox (11.9265pt too high) detected at line 225
 []


Overfull \vbox (10.56078pt too high) detected at line 225
 []


Overfull \vbox (1.20236pt too high) detected at line 226
 []

Missing character: There is no ; in font nullfont!

Overfull \vbox (1.20232pt too high) detected at line 227
 []


Overfull \vbox (7.34789pt too high) detected at line 227
 []

Missing character: There is no ; in font nullfont!

Overfull \vbox (12.75084pt too high) detected at line 229
 []


Overfull \vbox (8.3804pt too high) detected at line 230
 []


Overfull \vbox (5.5535pt too high) detected at line 230
 []


Overfull \vbox (5.5535pt too high) detected at line 230
 []



[10]
Overfull \vbox (1.45656pt too high) detected at line 231
 []


Overfull \vbox (17.79866pt too high) detected at line 231
 []


Overfull \vbox (17.79866pt too high) detected at line 231
 []


Overfull \vbox (8.60341pt too high) detected at line 232
 []


Overfull \vbox (7.46985pt too high) detected at line 232
 []

Missing character: There is no ] in font nullfont!
Missing character: There is no ] in font nullfont!

Overfull \vbox (43.34334pt too high) detected at line 233
 []


Overfull \vbox (1.45663pt too high) detected at line 233
 []

Missing character: There is no ] in font nullfont!

Overfull \vbox (14.75389pt too high) detected at line 234
 []


Overfull \vbox (24.22278pt too high) detected at line 234
 []

Missing character: There is no ] in font nullfont!

Overfull \vbox (1.9118pt too high) detected at line 236
 []


Overfull \vbox (7.64749pt too high) detected at line 236
 []


Overfull \vbox (12.8369pt too high) detected at line 237
 []


Overfull \vbox (20.58086pt too high) detected at line 238
 []


Overfull \hbox (21.99629pt too wide) in paragraph at lines 231--238
 [][] 
 []



[11]
Missing character: There is no ] in font nullfont!

Overfull \vbox (23.30676pt too high) detected at line 240
 []


Overfull \vbox (3.7326pt too high) detected at line 241
 []


Overfull \vbox (3.7326pt too high) detected at line 242
 []


Overfull \vbox (5.5535pt too high) detected at line 242
 []


Overfull \vbox (23.30676pt too high) detected at line 242
 []


Overfull \vbox (12.38165pt too high) detected at line 243
 []


Overfull \vbox (15.06856pt too high) detected at line 243
 []

Missing character: There is no ] in font nullfont!

Overfull \vbox (4.92076pt too high) detected at line 243
 []

Missing character: There is no ] in font nullfont!

Overfull \vbox (4.92076pt too high) detected at line 244
 []


Overfull \vbox (28.04694pt too high) detected at line 245
 []


Overfull \vbox (20.51292pt too high) detected at line 245
 []


Overfull \vbox (9.29094pt too high) detected at line 246
 []


Package pgf Warning: Returning node center instead of a point on node border. D
id you specify a point identical to the center of node ``v11''? on input line 2
46.


Package pgf Warning: Returning node center instead of a point on node border. D
id you specify a point identical to the center of node ``v21''? on input line 2
46.


Overfull \vbox (4.27513pt too high) detected at line 246
 []


Overfull \vbox (11.11174pt too high) detected at line 246
 []



[12]
Overfull \vbox (25.12758pt too high) detected at line 247
 []


Overfull \vbox (6.4639pt too high) detected at line 247
 []


Overfull \vbox (8.28479pt too high) detected at line 247
 []


Overfull \vbox (8.83101pt too high) detected at line 248
 []


Overfull \vbox (13.4287pt too high) detected at line 248
 []


Overfull \vbox (5.78111pt too high) detected at line 248
 []


Overfull \vbox (7.82954pt too high) detected at line 249
 []

Missing character: There is no . in font nullfont!
Missing character: There is no c in font nullfont!
Missing character: There is no o in font nullfont!
Missing character: There is no n in font nullfont!
Missing character: There is no t in font nullfont!
Missing character: There is no r in font nullfont!
Missing character: There is no o in font nullfont!
Missing character: There is no l in font nullfont!
Missing character: There is no s in font nullfont!
Missing character: There is no ( in font nullfont!
Missing character: There is no 2 in font nullfont!
Missing character: There is no , in font nullfont!
Missing character: There is no 2 in font nullfont!
Missing character: There is no . in font nullfont!
Missing character: There is no 5 in font nullfont!
Missing character: There is no ) in font nullfont!
Missing character: There is no a in font nullfont!
Missing character: There is no n in font nullfont!
Missing character: There is no d in font nullfont!
Missing character: There is no ( in font nullfont!
Missing character: There is no 1 in font nullfont!
Missing character: There is no , in font nullfont!
Missing character: There is no 4 in font nullfont!
Missing character: There is no ) in font nullfont!
Missing character: There is no . in font nullfont!
Missing character: There is no . in font nullfont!
Missing character: There is no ( in font nullfont!
Missing character: There is no 0 in font nullfont!
Missing character: There is no . in font nullfont!
Missing character: There is no 5 in font nullfont!
Missing character: There is no , in font nullfont!
Missing character: There is no 4 in font nullfont!
Missing character: There is no . in font nullfont!
Missing character: There is no 5 in font nullfont!
Missing character: There is no ) in font nullfont!
Missing character: There is no ; in font nullfont!

Overfull \vbox (2.82227pt too high) detected at line 249
 []


Overfull \vbox (25.12758pt too high) detected at line 249
 []


Overfull \vbox (8.28479pt too high) detected at line 250
 []


Overfull \vbox (7.8341pt too high) detected at line 250
 []


Overfull \vbox (11.47125pt too high) detected at line 250
 []


Overfull \vbox (5.508pt too high) detected at line 251
 []


Overfull \vbox (21.85568pt too high) detected at line 251
 []


Overfull \vbox (13.29205pt too high) detected at line 251
 []


Overfull \vbox (13.29205pt too high) detected at line 252
 []


Overfull \vbox (0.55031pt too high) detected at line 252
 []


Overfull \vbox (22.94824pt too high) detected at line 252
 []

Missing character: There is no ] in font nullfont!

Overfull \vbox (52.46967pt too high) detected at line 253
 []


Overfull \vbox (6.91914pt too high) detected at line 253
 []


Overfull \vbox (17.7986pt too high) detected at line 253
 []


Overfull \vbox (9.65518pt too high) detected at line 254
 []


Overfull \vbox (24.90195pt too high) detected at line 254
 []


Overfull \hbox (2.01721pt too wide) in paragraph at lines 247--254
 [][] 
 []



[13]
Overfull \vbox (1.46057pt too high) detected at line 255
 []


Overfull \vbox (25.58281pt too high) detected at line 255
 []


Overfull \vbox (8.54205pt too high) detected at line 255
 []

Missing character: There is no ] in font nullfont!

Overfull \vbox (6.19531pt too high) detected at line 256
 []


Overfull \vbox (4.18785pt too high) detected at line 257
 []

Missing character: There is no ] in font nullfont!
Missing character: There is no ] in font nullfont!

Overfull \vbox (8.74464pt too high) detected at line 259
 []

Missing character: There is no ] in font nullfont!

Overfull \vbox (63.36526pt too high) detected at line 261
 []


Overfull \vbox (52.44023pt too high) detected at line 262
 []


Overfull \vbox (48.19083pt too high) detected at line 262
 []


Overfull \vbox (41.76552pt too high) detected at line 262
 []



[14]
Overfull \vbox (37.87343pt too high) detected at line 263
 []

Missing character: There is no . in font nullfont!
Missing character: There is no c in font nullfont!
Missing character: There is no o in font nullfont!
Missing character: There is no n in font nullfont!
Missing character: There is no t in font nullfont!
Missing character: There is no r in font nullfont!
Missing character: There is no o in font nullfont!
Missing character: There is no l in font nullfont!
Missing character: There is no s in font nullfont!
Missing character: There is no ( in font nullfont!
Missing character: There is no 2 in font nullfont!
Missing character: There is no , in font nullfont!
Missing character: There is no 2 in font nullfont!
Missing character: There is no . in font nullfont!
Missing character: There is no 5 in font nullfont!
Missing character: There is no ) in font nullfont!
Missing character: There is no a in font nullfont!
Missing character: There is no n in font nullfont!
Missing character: There is no d in font nullfont!
Missing character: There is no ( in font nullfont!
Missing character: There is no 1 in font nullfont!
Missing character: There is no , in font nullfont!
Missing character: There is no 4 in font nullfont!
Missing character: There is no ) in font nullfont!
Missing character: There is no . in font nullfont!
Missing character: There is no . in font nullfont!
Missing character: There is no ( in font nullfont!
Missing character: There is no 0 in font nullfont!
Missing character: There is no . in font nullfont!
Missing character: There is no 5 in font nullfont!
Missing character: There is no , in font nullfont!
Missing character: There is no 4 in font nullfont!
Missing character: There is no . in font nullfont!
Missing character: There is no 5 in font nullfont!
Missing character: There is no ) in font nullfont!
Missing character: There is no ; in font nullfont!

Overfull \vbox (2.82227pt too high) detected at line 263
 []


Overfull \vbox (30.13486pt too high) detected at line 263
 []


Overfull \vbox (12.06297pt too high) detected at line 264
 []


Overfull \vbox (12.06297pt too high) detected at line 264
 []

Missing character: There is no ] in font nullfont!

Overfull \vbox (23.4945pt too high) detected at line 265
 []


Overfull \vbox (4.64308pt too high) detected at line 265
 []


Overfull \vbox (11.47125pt too high) detected at line 265
 []


Overfull \vbox (17.389pt too high) detected at line 266
 []


Overfull \vbox (15.47705pt too high) detected at line 266
 []


Overfull \vbox (20.16507pt too high) detected at line 267
 []


Overfull \vbox (6.4639pt too high) detected at line 267
 []


Overfull \vbox (6.4639pt too high) detected at line 268
 []


Overfull \vbox (8.0116pt too high) detected at line 268
 []


Overfull \vbox (11.016pt too high) detected at line 269
 []


Overfull \vbox (24.22305pt too high) detected at line 269
 []


Overfull \vbox (9.87805pt too high) detected at line 270
 []


Overfull \vbox (9.19513pt too high) detected at line 270
 []


Overfull \vbox (5.5535pt too high) detected at line 270
 []


Overfull \hbox (14.83878pt too wide) in paragraph at lines 263--270
 [][] 
 []



[15]
Overfull \vbox (10.56078pt too high) detected at line 271
 []


Overfull \vbox (10.56078pt too high) detected at line 271
 []


Overfull \vbox (8.18039pt too high) detected at line 271
 []


Overfull \vbox (8.18039pt too high) detected at line 272
 []


Overfull \vbox (8.28479pt too high) detected at line 272
 []


Overfull \vbox (8.28479pt too high) detected at line 272
 []


Overfull \vbox (10.56078pt too high) detected at line 273
 []


Overfull \vbox (10.56078pt too high) detected at line 273
 []


Overfull \vbox (4.18793pt too high) detected at line 273
 []


Overfull \vbox (4.18793pt too high) detected at line 274
 []


Overfull \vbox (27.40363pt too high) detected at line 274
 []


Overfull \vbox (27.40363pt too high) detected at line 274
 []


Overfull \vbox (5.09824pt too high) detected at line 275
 []


Overfull \vbox (5.09824pt too high) detected at line 276
 []


Overfull \vbox (8.28479pt too high) detected at line 276
 []


Overfull \vbox (8.28479pt too high) detected at line 276
 []


Overfull \vbox (6.91914pt too high) detected at line 277
 []


Overfull \vbox (6.91914pt too high) detected at line 277
 []


Overfull \vbox (31.95575pt too high) detected at line 277
 []


Overfull \vbox (31.95575pt too high) detected at line 278
 []


Overfull \vbox (1.9118pt too high) detected at line 278
 []


Overfull \vbox (1.9118pt too high) detected at line 278
 []



[16]
Overfull \vbox (3.97922pt too high) detected at line 279
 []


Overfull \vbox (3.97922pt too high) detected at line 280
 []


Overfull \vbox (5.86531pt too high) detected at line 280
 []


Overfull \vbox (5.86531pt too high) detected at line 280
 []


Overfull \vbox (5.09833pt too high) detected at line 281
 []


Overfull \vbox (5.09833pt too high) detected at line 281
 []


Overfull \vbox (11.47119pt too high) detected at line 281
 []

Missing character: There is no ] in font nullfont!

Overfull \vbox (7.83412pt too high) detected at line 282
 []


Overfull \vbox (8.28479pt too high) detected at line 282
 []


Overfull \vbox (10.1056pt too high) detected at line 283
 []


Overfull \vbox (20.98514pt too high) detected at line 283
 []


Overfull \vbox (10.1056pt too high) detected at line 283
 []


Overfull \vbox (3.73268pt too high) detected at line 284
 []


Overfull \vbox (21.48589pt too high) detected at line 284
 []


Overfull \vbox (8.28471pt too high) detected at line 284
 []


Overfull \vbox (10.1056pt too high) detected at line 285
 []


Overfull \vbox (3.73268pt too high) detected at line 286
 []


Overfull \vbox (4.18785pt too high) detected at line 286
 []


Overfull \vbox (7.82956pt too high) detected at line 286
 []


Overfull \hbox (7.25154pt too wide) in paragraph at lines 279--286
 [][] 
 []



[17]
Overfull \vbox (6.92383pt too high) detected at line 287
 []


Overfull \vbox (10.56078pt too high) detected at line 287
 []


Overfull \vbox (14.02042pt too high) detected at line 287
 []


Overfull \vbox (6.013pt too high) detected at line 288
 []


Overfull \vbox (15.56813pt too high) detected at line 289
 []


Overfull \vbox (10.1056pt too high) detected at line 289
 []


Overfull \vbox (17.389pt too high) detected at line 289
 []


Overfull \vbox (17.389pt too high) detected at line 290
 []


Overfull \vbox (9.42273pt too high) detected at line 290
 []


Overfull \vbox (9.42273pt too high) detected at line 290
 []

Missing character: There is no [ in font nullfont!
Missing character: There is no s in font nullfont!
Missing character: There is no c in font nullfont!
Missing character: There is no a in font nullfont!
Missing character: There is no l in font nullfont!
Missing character: There is no e in font nullfont!
Missing character: There is no = in font nullfont!
Missing character: There is no 0 in font nullfont!
Missing character: There is no . in font nullfont!
Missing character: There is no 0 in font nullfont!
Missing character: There is no 1 in font nullfont!
Missing character: There is no ] in font nullfont!

Overfull \vbox (11.77083pt too high) detected at line 291
 []

Missing character: There is no ] in font nullfont!

Overfull \vbox (0.81927pt too high) detected at line 291
 []


Overfull \vbox (20.98514pt too high) detected at line 292
 []


Overfull \vbox (0.81927pt too high) detected at line 292
 []

Missing character: There is no ] in font nullfont!

Overfull \vbox (4.19196pt too high) detected at line 292
 []


Overfull \vbox (11.47119pt too high) detected at line 293
 []


Overfull \vbox (2.36697pt too high) detected at line 294
 []


Overfull \vbox (15.11288pt too high) detected at line 294
 []



[18]
Overfull \vbox (11.47124pt too high) detected at line 295
 []


Overfull \vbox (20.76315pt too high) detected at line 298
 []


Overfull \vbox (6.91913pt too high) detected at line 299
 []


Overfull \vbox (6.91913pt too high) detected at line 299
 []


Overfull \vbox (12.8369pt too high) detected at line 300
 []


Overfull \vbox (8.73996pt too high) detected at line 300
 []


Overfull \vbox (20.76288pt too high) detected at line 300
 []


Overfull \vbox (37.41826pt too high) detected at line 301
 []


Overfull \vbox (8.23921pt too high) detected at line 301
 []


Overfull \vbox (1.68416pt too high) detected at line 302
 []


Overfull \vbox (1.68416pt too high) detected at line 302
 []


Overfull \vbox (8.74002pt too high) detected at line 302
 []


Overfull \hbox (29.11732pt too wide) in paragraph at lines 295--302
 [][] 
 []



[19]
Overfull \vbox (7.3743pt too high) detected at line 303
 []


Overfull \vbox (13.29207pt too high) detected at line 303
 []


Overfull \vbox (16.47853pt too high) detected at line 303
 []

Missing character: There is no ] in font nullfont!

Overfull \vbox (33.56795pt too high) detected at line 305
 []


Overfull \vbox (16.93378pt too high) detected at line 305
 []


Overfull \vbox (16.93378pt too high) detected at line 305
 []


Overfull \vbox (3.32292pt too high) detected at line 306
 []


Overfull \vbox (8.73996pt too high) detected at line 306
 []


Overfull \vbox (11.112pt too high) detected at line 307
 []


Overfull \vbox (9.83249pt too high) detected at line 308
 []


Overfull \vbox (12.8369pt too high) detected at line 308
 []


Overfull \vbox (8.6489pt too high) detected at line 308
 []


Overfull \vbox (10.56085pt too high) detected at line 309
 []


Overfull \vbox (9.83249pt too high) detected at line 309
 []


Overfull \vbox (12.8369pt too high) detected at line 310
 []


Overfull \vbox (8.6489pt too high) detected at line 310
 []



[20]
Overfull \vbox (11.47119pt too high) detected at line 311
 []


Overfull \vbox (25.49759pt too high) detected at line 311
 []


Overfull \vbox (6.4639pt too high) detected at line 311
 []

Missing character: There is no ( in font nullfont!
Missing character: There is no 0 in font nullfont!
Missing character: There is no . in font nullfont!
Missing character: There is no 6 in font nullfont!
Missing character: There is no , in font nullfont!
Missing character: There is no 1 in font nullfont!
Missing character: There is no . in font nullfont!
Missing character: There is no 3 in font nullfont!
Missing character: There is no 1 in font nullfont!
Missing character: There is no ) in font nullfont!
Missing character: There is no ( in font nullfont!
Missing character: There is no 0 in font nullfont!
Missing character: There is no . in font nullfont!
Missing character: There is no 8 in font nullfont!
Missing character: There is no 2 in font nullfont!
Missing character: There is no , in font nullfont!
Missing character: There is no 1 in font nullfont!
Missing character: There is no . in font nullfont!
Missing character: There is no 3 in font nullfont!
Missing character: There is no 1 in font nullfont!
Missing character: There is no ) in font nullfont!
Missing character: There is no ( in font nullfont!
Missing character: There is no 0 in font nullfont!
Missing character: There is no . in font nullfont!
Missing character: There is no 8 in font nullfont!
Missing character: There is no 2 in font nullfont!
Missing character: There is no , in font nullfont!
Missing character: There is no 1 in font nullfont!
Missing character: There is no . in font nullfont!
Missing character: There is no 6 in font nullfont!
Missing character: There is no ) in font nullfont!
Missing character: There is no ( in font nullfont!
Missing character: There is no 0 in font nullfont!
Missing character: There is no . in font nullfont!
Missing character: There is no 6 in font nullfont!
Missing character: There is no , in font nullfont!
Missing character: There is no 1 in font nullfont!
Missing character: There is no . in font nullfont!
Missing character: There is no 6 in font nullfont!
Missing character: There is no ) in font nullfont!

Overfull \vbox (26.9484pt too high) detected at line 315
 []


Overfull \vbox (10.60632pt too high) detected at line 315
 []


Overfull \vbox (10.60632pt too high) detected at line 316
 []


Overfull \vbox (3.0043pt too high) detected at line 316
 []


Overfull \vbox (15.11792pt too high) detected at line 316
 []


Overfull \vbox (2.7767pt too high) detected at line 317
 []


Overfull \vbox (5.09824pt too high) detected at line 317
 []


Overfull \vbox (18.94208pt too high) detected at line 318
 []


Overfull \vbox (44.98212pt too high) detected at line 318
 []


Overfull \vbox (20.57547pt too high) detected at line 318
 []



[21]
Overfull \vbox (18.75458pt too high) detected at line 319
 []


Overfull \vbox (20.1203pt too high) detected at line 319
 []


Overfull \vbox (20.1203pt too high) detected at line 319
 []


Overfull \vbox (10.1056pt too high) detected at line 320
 []


Overfull \vbox (5.508pt too high) detected at line 320
 []


Overfull \vbox (46.43867pt too high) detected at line 321
 []


Overfull \vbox (46.52248pt too high) detected at line 321
 []


Overfull \vbox (13.74724pt too high) detected at line 322
 []


Overfull \vbox (4.41547pt too high) detected at line 322
 []


Overfull \vbox (9.787pt too high) detected at line 322
 []


Overfull \vbox (10.87941pt too high) detected at line 324
 []


Overfull \vbox (17.84418pt too high) detected at line 325
 []


Overfull \vbox (6.00873pt too high) detected at line 325
 []


Overfull \vbox (15.11296pt too high) detected at line 325
 []


Overfull \vbox (4.64308pt too high) detected at line 326
 []


Overfull \vbox (4.64308pt too high) detected at line 326
 []


Overfull \vbox (17.389pt too high) detected at line 326
 []


Overfull \hbox (37.37144pt too wide) in paragraph at lines 319--326
 [][] 
 []



[22]
Overfull \vbox (11.47119pt too high) detected at line 327
 []


Overfull \vbox (9.87805pt too high) detected at line 329
 []


Overfull \vbox (4.50653pt too high) detected at line 329
 []


Overfull \vbox (8.55789pt too high) detected at line 330
 []


Overfull \vbox (14.03165pt too high) detected at line 330
 []


Overfull \vbox (8.73996pt too high) detected at line 331
 []


Overfull \vbox (8.0116pt too high) detected at line 331
 []


Overfull \vbox (9.10893pt too high) detected at line 331
 []

Missing character: There is no ] in font nullfont!

Overfull \vbox (29.67969pt too high) detected at line 332
 []


Overfull \vbox (17.389pt too high) detected at line 333
 []


Overfull \vbox (17.389pt too high) detected at line 333
 []


Overfull \vbox (12.38165pt too high) detected at line 333
 []


Overfull \vbox (12.38165pt too high) detected at line 334
 []


Overfull \vbox (3.68712pt too high) detected at line 334
 []


Overfull \hbox (45.82895pt too wide) in paragraph at lines 327--334
 [][] 
 []



[23]
Overfull \vbox (11.01602pt too high) detected at line 335
 []

Missing character: There is no ] in font nullfont!

Overfull \vbox (21.94106pt too high) detected at line 337
 []

Missing character: There is no ] in font nullfont!

Overfull \vbox (19.8471pt too high) detected at line 337
 []


Overfull \vbox (14.20255pt too high) detected at line 338
 []

Missing character: There is no ] in font nullfont!

Overfull \vbox (20.94516pt too high) detected at line 338
 []


Overfull \vbox (10.56085pt too high) detected at line 338
 []

Missing character: There is no ] in font nullfont!

Overfull \vbox (10.92975pt too high) detected at line 339
 []

Missing character: There is no ] in font nullfont!

Overfull \vbox (4.19223pt too high) detected at line 339
 []

Missing character: There is no ] in font nullfont!
Missing character: There is no ] in font nullfont!

Overfull \vbox (11.01608pt too high) detected at line 340
 []


Overfull \vbox (7.19226pt too high) detected at line 340
 []


Overfull \vbox (30.14125pt too high) detected at line 342
 []


Overfull \vbox (21.48586pt too high) detected at line 342
 []


Overfull \vbox (40.14955pt too high) detected at line 342
 []


Overfull \hbox (22.757pt too wide) in paragraph at lines 335--342
 [][] 
 []



[24]
Overfull \vbox (13.2971pt too high) detected at line 343
 []


Overfull \vbox (25.6796pt too high) detected at line 343
 []

Missing character: There is no , in font nullfont!

Overfull \vbox (1.4606pt too high) detected at line 344
 []


Overfull \vbox (3.2817pt too high) detected at line 345
 []

Missing character: There is no ] in font nullfont!

Overfull \vbox (22.76596pt too high) detected at line 345
 []


Overfull \vbox (12.83682pt too high) detected at line 345
 []


Overfull \vbox (3.0043pt too high) detected at line 346
 []


Overfull \vbox (6.91914pt too high) detected at line 346
 []


Overfull \vbox (3.73268pt too high) detected at line 347
 []


Overfull \vbox (3.27744pt too high) detected at line 347
 []


Overfull \vbox (17.84424pt too high) detected at line 347
 []


Overfull \vbox (5.09833pt too high) detected at line 348
 []


Overfull \vbox (8.28479pt too high) detected at line 348
 []


Overfull \vbox (8.28479pt too high) detected at line 348
 []

Missing character: There is no x in font nullfont!

Overfull \vbox (6.91914pt too high) detected at line 349
 []


Overfull \vbox (15.00864pt too high) detected at line 350
 []


Overfull \vbox (15.00864pt too high) detected at line 350
 []


Overfull \hbox (26.86273pt too wide) in paragraph at lines 343--350
 [][] 
 []



[25]
Overfull \vbox (10.1056pt too high) detected at line 351
 []


Overfull \vbox (11.47122pt too high) detected at line 351
 []


Overfull \vbox (11.47122pt too high) detected at line 352
 []

Missing character: There is no ] in font nullfont!

Overfull \vbox (4.64308pt too high) detected at line 352
 []

Missing character: There is no ; in font nullfont!

Overfull \vbox (1.4566pt too high) detected at line 353
 []


Overfull \vbox (10.10559pt too high) detected at line 353
 []


Overfull \vbox (2.36703pt too high) detected at line 353
 []


Overfull \vbox (3.27744pt too high) detected at line 354
 []


Overfull \vbox (7.37439pt too high) detected at line 354
 []


Overfull \vbox (8.83101pt too high) detected at line 355
 []


Overfull \vbox (0.54622pt too high) detected at line 357
 []


Overfull \vbox (0.54622pt too high) detected at line 357
 []

Missing character: There is no ] in font nullfont!

Overfull \vbox (23.51624pt too high) detected at line 357
 []


Overfull \vbox (1.36555pt too high) detected at line 358
 []


Overfull \vbox (1.36555pt too high) detected at line 358
 []

Missing character: There is no ] in font nullfont!


[26]
Overfull \vbox (8.28479pt too high) detected at line 359
 []


Overfull \vbox (12.38167pt too high) detected at line 359
 []


Overfull \vbox (11.47125pt too high) detected at line 359
 []


Overfull \vbox (4.18784pt too high) detected at line 360
 []


Overfull \vbox (21.34932pt too high) detected at line 360
 []


Overfull \vbox (4.5565pt too high) detected at line 361
 []


Overfull \vbox (16.47853pt too high) detected at line 361
 []


Overfull \vbox (9.19513pt too high) detected at line 361
 []



[27]

[28]

[29] (main.aux)
 ***********
LaTeX2e <2024-11-01>
L3 programming layer <2024-11-02>
 ***********


LaTeX Font Warning: Size substitutions with differences
(Font)              up to 29.61133pt have occurred.

Package rerunfilecheck Info: File `main.out' has not changed.
(rerunfilecheck)             Checksum: E37E30BED2DA562B499BE7DFDBD64102;249.
 ) 
Here is how much of TeX's memory you used:
 29130 strings out of 473682
 529018 string characters out of 5729107
 3205611 words of memory out of 5000000
 51759 multiletter control sequences out of 15000+600000
 571266 words of font info for 61 fonts, out of 8000000 for 9000
 1141 hyphenation exceptions out of 8191
 117i,17n,136p,5357b,1196s stack positions out of 10000i,1000n,20000p,200000b,200000s
<C:/Program Files/MiKTeX/fonts/type1/public/aurical/AuriocusKalligraphicus.pf
b><C:/Program Files/MiKTeX/fonts/type1/public/cm-super/sfbx0800.pfb><C:/Program
 Files/MiKTeX/fonts/type1/public/cm-super/sfbx0900.pfb><C:/Program Files/MiKTeX
/fonts/type1/public/cm-super/sfbx1000.pfb><C:/Program Files/MiKTeX/fonts/type1/
public/cm-super/sfbx1440.pfb><C:/Program Files/MiKTeX/fonts/type1/public/cm-sup
er/sfbx2488.pfb><C:/Program Files/MiKTeX/fonts/type1/public/cm-super/sfrm0600.p
fb><C:/Program Files/MiKTeX/fonts/type1/public/cm-super/sfrm0700.pfb><C:/Progra
m Files/MiKTeX/fonts/type1/public/cm-super/sfrm0800.pfb><C:/Program Files/MiKTe
X/fonts/type1/public/cm-super/sfrm0900.pfb><C:/Program Files/MiKTeX/fonts/type1
/public/cm-super/sfrm1000.pfb><C:/Program Files/MiKTeX/fonts/type1/public/cm-su
per/sftt1000.pfb>
Output written on main.pdf (30 pages, 1021569 bytes).
PDF statistics:
 284 PDF objects out of 1000 (max. 8388607)
 62 named destinations out of 1000 (max. 500000)
 37 words of extra memory for PDF output out of 10000 (max. 10000000)

